2026-01-05T15:14:37 | touched: test/Rustfoundrykit.test.js
2025-04-05T13:39:37 | touched: package.json
2026-01-27T19:50:11 | touched: package.json
2025-09-10T20:36:11 | touched: contracts/Rustfoundrykit.sol
2025-06-17T10:14:26 | touched: hardhat.config.js
2026-01-10T04:05:49 | touched: scripts/frontend-integration.js
2025-12-13T09:31:59 | touched: package.json
2026-02-04T05:19:35 | touched: README.md
2025-08-23T20:12:00 | touched: scripts/cli.js
2026-01-22T07:00:12 | touched: contracts/Rustfoundrykit.sol
2025-04-05T03:45:22 | touched: LICENSE
2025-09-16T19:37:41 | touched: scripts/cli.js
2026-01-09T19:31:42 | touched: .env.example
2026-01-23T13:02:53 | touched: scripts/deploy.js
2025-12-05T15:33:39 | touched: test/Rustfoundrykit.test.js
2026-01-27T03:51:17 | touched: scripts/interact.js
2026-01-11T12:07:12 | touched: scripts/interact.js
2025-12-19T02:50:05 | touched: contracts/Rustfoundrykit.sol
2024-10-30T16:01:11 | touched: scripts/cli.js
2026-02-06T18:42:29 | touched: scripts/frontend-integration.js
